app/build/intermediates/manifest_merge_blame_file/devDebug/processDevDebugMainManifest/manifest-merger-blame-dev-debug-report.txt
1<?xml version="1.0" encoding="utf-8"?>
2<manifest xmlns:android="http://schemas.android.com/apk/res/android"
3    package="com.example.vayvene"
4    android:versionCode="1"
5    android:versionName="1.0" >
6
7    <uses-sdk
8        android:minSdkVersion="24"
9        android:targetSdkVersion="34" />
10
11    <!-- Permisos -->
12    <uses-permission android:name="android.permission.INTERNET" />
12-->src\main\AndroidManifest.xml:5:5-67
12-->src\main\AndroidManifest.xml:5:22-64
13    <uses-permission android:name="android.permission.ACCESS_NETWORK_STATE" />
13-->src\main\AndroidManifest.xml:6:5-79
13-->src\main\AndroidManifest.xml:6:22-76
14    <uses-permission android:name="android.permission.ACCESS_WIFI_STATE" />
14-->src\main\AndroidManifest.xml:7:5-76
14-->src\main\AndroidManifest.xml:7:22-73
15    <uses-permission android:name="android.permission.NFC" />
15-->src\main\AndroidManifest.xml:8:5-62
15-->src\main\AndroidManifest.xml:8:22-59
16
17    <!-- Declaramos NFC como opcional para que instale en equipos sin NFC -->
18    <uses-feature
18-->src\main\AndroidManifest.xml:11:5-82
19        android:name="android.hardware.nfc"
19-->src\main\AndroidManifest.xml:11:19-54
20        android:required="false" />
20-->src\main\AndroidManifest.xml:11:55-79
21
22    <permission
22-->[androidx.core:core:1.13.1] AndroidManifest.xml:22:5-24:47
23        android:name="com.example.vayvene.DYNAMIC_RECEIVER_NOT_EXPORTED_PERMISSION"
23-->[androidx.core:core:1.13.1] AndroidManifest.xml:23:9-81
24        android:protectionLevel="signature" />
24-->[androidx.core:core:1.13.1] AndroidManifest.xml:24:9-44
25
26    <uses-permission android:name="com.example.vayvene.DYNAMIC_RECEIVER_NOT_EXPORTED_PERMISSION" />
26-->[androidx.core:core:1.13.1] AndroidManifest.xml:26:5-97
26-->[androidx.core:core:1.13.1] AndroidManifest.xml:26:22-94
27
28    <application
28-->src\main\AndroidManifest.xml:13:5-61:19
29        android:allowBackup="true"
29-->src\main\AndroidManifest.xml:14:9-35
30        android:appComponentFactory="androidx.core.app.CoreComponentFactory"
30-->[androidx.core:core:1.13.1] AndroidManifest.xml:28:18-86
31        android:debuggable="true"
32        android:extractNativeLibs="false"
33        android:icon="@mipmap/ic_launcher"
33-->src\main\AndroidManifest.xml:16:9-43
34        android:label="@string/app_name"
34-->src\main\AndroidManifest.xml:15:9-41
35        android:networkSecurityConfig="@xml/network_security_config"
35-->src\main\AndroidManifest.xml:20:9-69
36        android:roundIcon="@mipmap/ic_launcher_round"
36-->src\main\AndroidManifest.xml:17:9-54
37        android:testOnly="true"
38        android:theme="@style/Theme.VayVene"
38-->src\main\AndroidManifest.xml:18:9-45
39        android:usesCleartextTraffic="true" >
39-->src\main\AndroidManifest.xml:19:9-44
40
41        <!-- Launcher -->
42        <activity
42-->src\main\AndroidManifest.xml:23:9-30:20
43            android:name="com.example.vayvene.ui.login.NfcLoginActivity"
43-->src\main\AndroidManifest.xml:24:13-54
44            android:exported="true" >
44-->src\main\AndroidManifest.xml:25:13-36
45            <intent-filter>
45-->src\main\AndroidManifest.xml:26:13-29:29
46                <action android:name="android.intent.action.MAIN" />
46-->src\main\AndroidManifest.xml:27:17-69
46-->src\main\AndroidManifest.xml:27:25-66
47
48                <category android:name="android.intent.category.LAUNCHER" />
48-->src\main\AndroidManifest.xml:28:17-77
48-->src\main\AndroidManifest.xml:28:27-74
49            </intent-filter>
50        </activity>
51
52        <!-- Captura de NFC (con fallback por TECH_DISCOVERED) -->
53        <activity
53-->src\main\AndroidManifest.xml:33:9-43:20
54            android:name="com.example.vayvene.ui.nfc.NfcCaptureActivity"
54-->src\main\AndroidManifest.xml:34:13-54
55            android:exported="false" >
55-->src\main\AndroidManifest.xml:35:13-37
56            <intent-filter>
56-->src\main\AndroidManifest.xml:36:13-39:29
57                <action android:name="android.nfc.action.TECH_DISCOVERED" />
57-->src\main\AndroidManifest.xml:37:17-77
57-->src\main\AndroidManifest.xml:37:25-74
58
59                <category android:name="android.intent.category.DEFAULT" />
59-->src\main\AndroidManifest.xml:38:17-76
59-->src\main\AndroidManifest.xml:38:27-73
60            </intent-filter>
61
62            <meta-data
62-->src\main\AndroidManifest.xml:40:13-42:59
63                android:name="android.nfc.action.TECH_DISCOVERED"
63-->src\main\AndroidManifest.xml:41:17-66
64                android:resource="@xml/nfc_tech_filter" />
64-->src\main\AndroidManifest.xml:42:17-56
65        </activity>
66
67        <!-- Admin -->
68        <activity
68-->src\main\AndroidManifest.xml:46:9-89
69            android:name="com.example.vayvene.ui.admin.AdminMenuActivity"
69-->src\main\AndroidManifest.xml:46:19-61
70            android:exported="false" />
70-->src\main\AndroidManifest.xml:46:62-86
71        <activity
71-->src\main\AndroidManifest.xml:47:9-94
72            android:name="com.example.vayvene.ui.admin.AdminCardsMenuActivity"
72-->src\main\AndroidManifest.xml:47:19-66
73            android:exported="false" />
73-->src\main\AndroidManifest.xml:47:67-91
74        <activity
74-->src\main\AndroidManifest.xml:48:9-98
75            android:name="com.example.vayvene.ui.admin.AdminStaffRegisterActivity"
75-->src\main\AndroidManifest.xml:48:19-70
76            android:exported="false" />
76-->src\main\AndroidManifest.xml:48:71-95
77        <activity
77-->src\main\AndroidManifest.xml:49:9-101
78            android:name="com.example.vayvene.ui.admin.AdminCustomerRegisterActivity"
78-->src\main\AndroidManifest.xml:49:19-73
79            android:exported="false" />
79-->src\main\AndroidManifest.xml:49:74-98
80
81        <!-- Cajero -->
82        <activity
82-->src\main\AndroidManifest.xml:52:9-93
83            android:name="com.example.vayvene.ui.cashier.CashierMenuActivity"
83-->src\main\AndroidManifest.xml:52:19-65
84            android:exported="false" />
84-->src\main\AndroidManifest.xml:52:66-90
85        <activity
85-->src\main\AndroidManifest.xml:53:9-97
86            android:name="com.example.vayvene.ui.cashier.CashierQuickOpsActivity"
86-->src\main\AndroidManifest.xml:53:19-69
87            android:exported="false" />
87-->src\main\AndroidManifest.xml:53:70-94
88
89        <!-- Vendedor -->
90        <activity
90-->src\main\AndroidManifest.xml:56:9-91
91            android:name="com.example.vayvene.ui.seller.SellerMenuActivity"
91-->src\main\AndroidManifest.xml:56:19-63
92            android:exported="false" />
92-->src\main\AndroidManifest.xml:56:64-88
93        <activity
93-->src\main\AndroidManifest.xml:57:9-90
94            android:name="com.example.vayvene.ui.seller.SellerPosActivity"
94-->src\main\AndroidManifest.xml:57:19-62
95            android:exported="false" />
95-->src\main\AndroidManifest.xml:57:63-87
96        <activity
96-->src\main\AndroidManifest.xml:58:9-97
97            android:name="com.example.vayvene.ui.seller.SellerSaleResultActivity"
97-->src\main\AndroidManifest.xml:58:19-69
98            android:exported="false" />
98-->src\main\AndroidManifest.xml:58:70-94
99        <activity
99-->src\main\AndroidManifest.xml:59:9-101
100            android:name="com.example.vayvene.ui.seller.SellerCancelLastSaleActivity"
100-->src\main\AndroidManifest.xml:59:19-73
101            android:exported="false" />
101-->src\main\AndroidManifest.xml:59:74-98
102
103        <provider
103-->[androidx.emoji2:emoji2:1.3.0] AndroidManifest.xml:24:9-32:20
104            android:name="androidx.startup.InitializationProvider"
104-->[androidx.emoji2:emoji2:1.3.0] AndroidManifest.xml:25:13-67
105            android:authorities="com.example.vayvene.androidx-startup"
105-->[androidx.emoji2:emoji2:1.3.0] AndroidManifest.xml:26:13-68
106            android:exported="false" >
106-->[androidx.emoji2:emoji2:1.3.0] AndroidManifest.xml:27:13-37
107            <meta-data
107-->[androidx.emoji2:emoji2:1.3.0] AndroidManifest.xml:29:13-31:52
108                android:name="androidx.emoji2.text.EmojiCompatInitializer"
108-->[androidx.emoji2:emoji2:1.3.0] AndroidManifest.xml:30:17-75
109                android:value="androidx.startup" />
109-->[androidx.emoji2:emoji2:1.3.0] AndroidManifest.xml:31:17-49
110            <meta-data
110-->[androidx.lifecycle:lifecycle-process:2.6.2] AndroidManifest.xml:29:13-31:52
111                android:name="androidx.lifecycle.ProcessLifecycleInitializer"
111-->[androidx.lifecycle:lifecycle-process:2.6.2] AndroidManifest.xml:30:17-78
112                android:value="androidx.startup" />
112-->[androidx.lifecycle:lifecycle-process:2.6.2] AndroidManifest.xml:31:17-49
113            <meta-data
113-->[androidx.profileinstaller:profileinstaller:1.3.1] AndroidManifest.xml:29:13-31:52
114                android:name="androidx.profileinstaller.ProfileInstallerInitializer"
114-->[androidx.profileinstaller:profileinstaller:1.3.1] AndroidManifest.xml:30:17-85
115                android:value="androidx.startup" />
115-->[androidx.profileinstaller:profileinstaller:1.3.1] AndroidManifest.xml:31:17-49
116        </provider>
117
118        <receiver
118-->[androidx.profileinstaller:profileinstaller:1.3.1] AndroidManifest.xml:34:9-52:20
119            android:name="androidx.profileinstaller.ProfileInstallReceiver"
119-->[androidx.profileinstaller:profileinstaller:1.3.1] AndroidManifest.xml:35:13-76
120            android:directBootAware="false"
120-->[androidx.profileinstaller:profileinstaller:1.3.1] AndroidManifest.xml:36:13-44
121            android:enabled="true"
121-->[androidx.profileinstaller:profileinstaller:1.3.1] AndroidManifest.xml:37:13-35
122            android:exported="true"
122-->[androidx.profileinstaller:profileinstaller:1.3.1] AndroidManifest.xml:38:13-36
123            android:permission="android.permission.DUMP" >
123-->[androidx.profileinstaller:profileinstaller:1.3.1] AndroidManifest.xml:39:13-57
124            <intent-filter>
124-->[androidx.profileinstaller:profileinstaller:1.3.1] AndroidManifest.xml:40:13-42:29
125                <action android:name="androidx.profileinstaller.action.INSTALL_PROFILE" />
125-->[androidx.profileinstaller:profileinstaller:1.3.1] AndroidManifest.xml:41:17-91
125-->[androidx.profileinstaller:profileinstaller:1.3.1] AndroidManifest.xml:41:25-88
126            </intent-filter>
127            <intent-filter>
127-->[androidx.profileinstaller:profileinstaller:1.3.1] AndroidManifest.xml:43:13-45:29
128                <action android:name="androidx.profileinstaller.action.SKIP_FILE" />
128-->[androidx.profileinstaller:profileinstaller:1.3.1] AndroidManifest.xml:44:17-85
128-->[androidx.profileinstaller:profileinstaller:1.3.1] AndroidManifest.xml:44:25-82
129            </intent-filter>
130            <intent-filter>
130-->[androidx.profileinstaller:profileinstaller:1.3.1] AndroidManifest.xml:46:13-48:29
131                <action android:name="androidx.profileinstaller.action.SAVE_PROFILE" />
131-->[androidx.profileinstaller:profileinstaller:1.3.1] AndroidManifest.xml:47:17-88
131-->[androidx.profileinstaller:profileinstaller:1.3.1] AndroidManifest.xml:47:25-85
132            </intent-filter>
133            <intent-filter>
133-->[androidx.profileinstaller:profileinstaller:1.3.1] AndroidManifest.xml:49:13-51:29
134                <action android:name="androidx.profileinstaller.action.BENCHMARK_OPERATION" />
134-->[androidx.profileinstaller:profileinstaller:1.3.1] AndroidManifest.xml:50:17-95
134-->[androidx.profileinstaller:profileinstaller:1.3.1] AndroidManifest.xml:50:25-92
135            </intent-filter>
136        </receiver>
137    </application>
138
139</manifest>